This is XeTeX, Version 3.141592653-2.6-0.999998 (MiKTeX 26.1) (preloaded format=xelatex 2026.3.3)  7 MAR 2026 16:03
entering extended mode
 restricted \write18 enabled.
 file:line:error style messages enabled.
 %&-line parsing enabled.
**"c:/Drive D/overleaf/Wood Project/Report-01/main-report01.tex"
(c:/Drive D/overleaf/Wood Project/Report-01/main-report01.tex
LaTeX2e <2025-11-01>
L3 programming layer <2026-01-19>
(C:\Users\GooDGuy\AppData\Local\Programs\MiKTeX\tex/latex/base\report.cls
Document Class: report 2025/01/22 v1.4n Standard LaTeX document class
(C:\Users\GooDGuy\AppData\Local\Programs\MiKTeX\tex/latex/base\size12.clo
File: size12.clo 2025/01/22 v1.4n Standard LaTeX file (size option)
)
\c@part=\count271
\c@chapter=\count272
\c@section=\count273
\c@subsection=\count274
\c@subsubsection=\count275
\c@paragraph=\count276
\c@subparagraph=\count277
\c@figure=\count278
\c@table=\count279
\abovecaptionskip=\skip49
\belowcaptionskip=\skip50
\bibindent=\dimen148
) (../Structure4all.tex (C:\Users\GooDGuy\AppData\Local\Programs\MiKTeX\tex/latex/fontspec\fontspec.sty (C:\Users\GooDGuy\AppData\Local\Programs\MiKTeX\tex/latex/l3packages/xparse\xparse.sty (C:\Users\GooDGuy\AppData\Local\Programs\MiKTeX\tex/latex/l3kernel\expl3.sty
Package: expl3 2026-01-19 L3 programming layer (loader) 
 (C:\Users\GooDGuy\AppData\Local\Programs\MiKTeX\tex/latex/l3backend\l3backend-xetex.def
File: l3backend-xetex.def 2025-10-09 L3 backend support: XeTeX
\g__graphics_track_int=\count280
\g__pdfannot_backend_int=\count281
\g__pdfannot_backend_link_int=\count282
))
Package: xparse 2025-10-09 L3 Experimental document command parser
)
Package: fontspec 2025/09/29 v2.9g Font selection for XeLaTeX and LuaLaTeX
 (C:\Users\GooDGuy\AppData\Local\Programs\MiKTeX\tex/latex/fontspec\fontspec-xetex.sty
Package: fontspec-xetex 2025/09/29 v2.9g Font selection for XeLaTeX and LuaLaTeX
\l__fontspec_script_int=\count283
\l__fontspec_language_int=\count284
\l__fontspec_strnum_int=\count285
\l__fontspec_tmp_int=\count286
\l__fontspec_tmpa_int=\count287
\l__fontspec_tmpb_int=\count288
\l__fontspec_tmpc_int=\count289
\l__fontspec_em_int=\count290
\l__fontspec_emdef_int=\count291
\l__fontspec_strong_int=\count292
\l__fontspec_strongdef_int=\count293
\l__fontspec_tmpa_dim=\dimen149
\l__fontspec_tmpb_dim=\dimen150
\l__fontspec_tmpc_dim=\dimen151
 (C:\Users\GooDGuy\AppData\Local\Programs\MiKTeX\tex/latex/base\fontenc.sty
Package: fontenc 2025/07/18 v2.1d Standard LaTeX package
) (C:\Users\GooDGuy\AppData\Local\Programs\MiKTeX\tex/latex/fontspec\fontspec.cfg))) (C:\Users\GooDGuy\AppData\Local\Programs\MiKTeX\tex/latex/geometry\geometry.sty
Package: geometry 2020/01/02 v5.9 Page Geometry
 (C:\Users\GooDGuy\AppData\Local\Programs\MiKTeX\tex/latex/graphics\keyval.sty
Package: keyval 2022/05/29 v1.15 key=value parser (DPC)
\KV@toks@=\toks17
) (C:\Users\GooDGuy\AppData\Local\Programs\MiKTeX\tex/generic/iftex\ifvtex.sty
Package: ifvtex 2019/10/25 v1.7 ifvtex legacy package. Use iftex instead.
 (C:\Users\GooDGuy\AppData\Local\Programs\MiKTeX\tex/generic/iftex\iftex.sty
Package: iftex 2024/12/12 v1.0g TeX engine tests
))
\Gm@cnth=\count294
\Gm@cntv=\count295
\c@Gm@tempcnt=\count296
\Gm@bindingoffset=\dimen152
\Gm@wd@mp=\dimen153
\Gm@odd@mp=\dimen154
\Gm@even@mp=\dimen155
\Gm@layoutwidth=\dimen156
\Gm@layoutheight=\dimen157
\Gm@layouthoffset=\dimen158
\Gm@layoutvoffset=\dimen159
\Gm@dimlist=\toks18
 (C:\Users\GooDGuy\AppData\Local\Programs\MiKTeX\tex/latex/geometry\geometry.cfg)) (C:\Users\GooDGuy\AppData\Local\Programs\MiKTeX\tex/latex/etoolbox\etoolbox.sty
Package: etoolbox 2025/10/02 v2.5m e-TeX tools for LaTeX (JAW)
\etb@tempcnta=\count297
) (C:\Users\GooDGuy\AppData\Local\Programs\MiKTeX\tex/latex/setspace\setspace.sty
Package: setspace 2022/12/04 v6.7b set line spacing
) (C:\Users\GooDGuy\AppData\Local\Programs\MiKTeX\tex/latex/titlesec\titlesec.sty
Package: titlesec 2025/01/04 v2.17 Sectioning titles
\ttl@box=\box53
\beforetitleunit=\skip51
\aftertitleunit=\skip52
\ttl@plus=\dimen160
\ttl@minus=\dimen161
\ttl@toksa=\toks19
\titlewidth=\dimen162
\titlewidthlast=\dimen163
\titlewidthfirst=\dimen164
) (C:\Users\GooDGuy\AppData\Local\Programs\MiKTeX\tex/latex/xcolor\xcolor.sty
Package: xcolor 2024/09/29 v3.02 LaTeX color extensions (UK)
 (C:\Users\GooDGuy\AppData\Local\Programs\MiKTeX\tex/latex/graphics-cfg\color.cfg
File: color.cfg 2016/01/02 v1.6 sample color configuration
)
Package xcolor Info: Driver file: xetex.def on input line 274.
 (C:\Users\GooDGuy\AppData\Local\Programs\MiKTeX\tex/latex/graphics-def\xetex.def
File: xetex.def 2025/11/01 v5.0p Graphics/color driver for xetex
) (C:\Users\GooDGuy\AppData\Local\Programs\MiKTeX\tex/latex/graphics\mathcolor.ltx)
Package xcolor Info: Model `cmy' substituted by `cmy0' on input line 1349.
Package xcolor Info: Model `RGB' extended on input line 1365.
Package xcolor Info: Model `HTML' substituted by `rgb' on input line 1367.
Package xcolor Info: Model `Hsb' substituted by `hsb' on input line 1368.
Package xcolor Info: Model `tHsb' substituted by `hsb' on input line 1369.
Package xcolor Info: Model `HSB' substituted by `hsb' on input line 1370.
Package xcolor Info: Model `Gray' substituted by `gray' on input line 1371.
Package xcolor Info: Model `wave' substituted by `hsb' on input line 1372.
) (C:\Users\GooDGuy\AppData\Local\Programs\MiKTeX\tex/latex/graphics\graphicx.sty
Package: graphicx 2024/12/31 v1.2e Enhanced LaTeX Graphics (DPC,SPQR)
 (C:\Users\GooDGuy\AppData\Local\Programs\MiKTeX\tex/latex/graphics\graphics.sty
Package: graphics 2024/08/06 v1.4g Standard LaTeX Graphics (DPC,SPQR)
 (C:\Users\GooDGuy\AppData\Local\Programs\MiKTeX\tex/latex/graphics\trig.sty
Package: trig 2023/12/02 v1.11 sin cos tan (DPC)
) (C:\Users\GooDGuy\AppData\Local\Programs\MiKTeX\tex/latex/graphics-cfg\graphics.cfg
File: graphics.cfg 2016/06/04 v1.11 sample graphics configuration
)
Package graphics Info: Driver file: xetex.def on input line 106.
)
\Gin@req@height=\dimen165
\Gin@req@width=\dimen166
) (C:\Users\GooDGuy\AppData\Local\Programs\MiKTeX\tex/latex/amsmath\amsmath.sty
Package: amsmath 2025/07/09 v2.17z AMS math features
\@mathmargin=\skip53

For additional information on amsmath, use the `?' option.
(C:\Users\GooDGuy\AppData\Local\Programs\MiKTeX\tex/latex/amsmath\amstext.sty
Package: amstext 2024/11/17 v2.01 AMS text
 (C:\Users\GooDGuy\AppData\Local\Programs\MiKTeX\tex/latex/amsmath\amsgen.sty
File: amsgen.sty 1999/11/30 v2.0 generic functions
\@emptytoks=\toks20
\ex@=\dimen167
)) (C:\Users\GooDGuy\AppData\Local\Programs\MiKTeX\tex/latex/amsmath\amsbsy.sty
Package: amsbsy 1999/11/29 v1.2d Bold Symbols
\pmbraise@=\dimen168
) (C:\Users\GooDGuy\AppData\Local\Programs\MiKTeX\tex/latex/amsmath\amsopn.sty
Package: amsopn 2022/04/08 v2.04 operator names
)
\inf@bad=\count298
LaTeX Info: Redefining \frac on input line 233.
\uproot@=\count299
\leftroot@=\count300
LaTeX Info: Redefining \overline on input line 398.
LaTeX Info: Redefining \colon on input line 409.
\classnum@=\count301
\DOTSCASE@=\count302
LaTeX Info: Redefining \ldots on input line 495.
LaTeX Info: Redefining \dots on input line 498.
LaTeX Info: Redefining \cdots on input line 619.
\Mathstrutbox@=\box54
\strutbox@=\box55
LaTeX Info: Redefining \big on input line 721.
LaTeX Info: Redefining \Big on input line 722.
LaTeX Info: Redefining \bigg on input line 723.
LaTeX Info: Redefining \Bigg on input line 724.
\big@size=\dimen169
LaTeX Font Info:    Redeclaring font encoding OML on input line 742.
LaTeX Font Info:    Redeclaring font encoding OMS on input line 743.
\macc@depth=\count303
LaTeX Info: Redefining \bmod on input line 904.
LaTeX Info: Redefining \pmod on input line 909.
LaTeX Info: Redefining \smash on input line 939.
LaTeX Info: Redefining \relbar on input line 969.
LaTeX Info: Redefining \Relbar on input line 970.
\c@MaxMatrixCols=\count304
\dotsspace@=\muskip17
\c@parentequation=\count305
\dspbrk@lvl=\count306
\tag@help=\toks21
\row@=\count307
\column@=\count308
\maxfields@=\count309
\andhelp@=\toks22
\eqnshift@=\dimen170
\alignsep@=\dimen171
\tagshift@=\dimen172
\tagwidth@=\dimen173
\totwidth@=\dimen174
\lineht@=\dimen175
\@envbody=\toks23
\multlinegap=\skip54
\multlinetaggap=\skip55
\mathdisplay@stack=\toks24
LaTeX Info: Redefining \[ on input line 2950.
LaTeX Info: Redefining \] on input line 2951.
) (C:\Users\GooDGuy\AppData\Local\Programs\MiKTeX\tex/latex/amsfonts\amssymb.sty
Package: amssymb 2013/01/14 v3.01 AMS font symbols
 (C:\Users\GooDGuy\AppData\Local\Programs\MiKTeX\tex/latex/amsfonts\amsfonts.sty
Package: amsfonts 2013/01/14 v3.01 Basic AMSFonts support
\symAMSa=\mathgroup4
\symAMSb=\mathgroup5
LaTeX Font Info:    Redeclaring math symbol \hbar on input line 98.
LaTeX Font Info:    Overwriting math alphabet `\mathfrak' in version `bold'
(Font)                  U/euf/m/n --> U/euf/b/n on input line 106.
)) (C:\Users\GooDGuy\AppData\Local\Programs\MiKTeX\tex/latex/mathtools\mathtools.sty
Package: mathtools 2024/10/04 v1.31 mathematical typesetting tools
 (C:\Users\GooDGuy\AppData\Local\Programs\MiKTeX\tex/latex/tools\calc.sty
Package: calc 2025/03/01 v4.3b Infix arithmetic (KKT,FJ)
\calc@Acount=\count310
\calc@Bcount=\count311
\calc@Adimen=\dimen176
\calc@Bdimen=\dimen177
\calc@Askip=\skip56
\calc@Bskip=\skip57
LaTeX Info: Redefining \setlength on input line 86.
LaTeX Info: Redefining \addtolength on input line 87.
\calc@Ccount=\count312
\calc@Cskip=\skip58
) (C:\Users\GooDGuy\AppData\Local\Programs\MiKTeX\tex/latex/mathtools\mhsetup.sty
Package: mhsetup 2021/03/18 v1.4 programming setup (MH)
)
\g_MT_multlinerow_int=\count313
\l_MT_multwidth_dim=\dimen178
\origjot=\skip59
\l_MT_shortvdotswithinadjustabove_dim=\dimen179
\l_MT_shortvdotswithinadjustbelow_dim=\dimen180
\l_MT_above_intertext_sep=\dimen181
\l_MT_below_intertext_sep=\dimen182
\l_MT_above_shortintertext_sep=\dimen183
\l_MT_below_shortintertext_sep=\dimen184
\xmathstrut@box=\box56
\xmathstrut@dim=\dimen185
) (C:\Users\GooDGuy\AppData\Local\Programs\MiKTeX\tex/latex/amscls\amsthm.sty
Package: amsthm 2020/05/29 v2.20.6
\thm@style=\toks25
\thm@bodyfont=\toks26
\thm@headfont=\toks27
\thm@notefont=\toks28
\thm@headpunct=\toks29
\thm@preskip=\skip60
\thm@postskip=\skip61
\thm@headsep=\skip62
\dth@everypar=\toks30
) (C:\Users\GooDGuy\AppData\Local\Programs\MiKTeX\tex/latex/tools\longtable.sty
Package: longtable 2025-10-13 v4.24 Multi-page Table package (DPC)
\LTleft=\skip63
\LTright=\skip64
\LTpre=\skip65
\LTpost=\skip66
\LTchunksize=\count314
\LTcapwidth=\dimen186
\LT@head=\box57
\LT@firsthead=\box58
\LT@foot=\box59
\LT@lastfoot=\box60
\LT@gbox=\box61
\LT@cols=\count315
\LT@rows=\count316
\c@LT@tables=\count317
\c@LT@chunks=\count318
\LT@p@ftn=\toks31
) (C:\Users\GooDGuy\AppData\Local\Programs\MiKTeX\tex/latex/tools\array.sty
Package: array 2025/09/25 v2.6n Tabular extension package (FMi)
\col@sep=\dimen187
\ar@mcellbox=\box62
\extrarowheight=\dimen188
\NC@list=\toks32
\extratabsurround=\skip67
\backup@length=\skip68
\ar@cellbox=\box63
) (C:\Users\GooDGuy\AppData\Local\Programs\MiKTeX\tex/latex/multirow\multirow.sty
Package: multirow 2024/11/12 v2.9 Span multiple rows of a table
\multirow@colwidth=\skip69
\multirow@cntb=\count319
\multirow@dima=\skip70
\bigstrutjot=\dimen189
) (C:\Users\GooDGuy\AppData\Local\Programs\MiKTeX\tex/latex/tools\tabularx.sty
Package: tabularx 2023/12/11 v2.12a `tabularx' package (DPC)
\TX@col@width=\dimen190
\TX@old@table=\dimen191
\TX@old@col=\dimen192
\TX@target=\dimen193
\TX@delta=\dimen194
\TX@cols=\count320
\TX@ftn=\toks33
) (C:\Users\GooDGuy\AppData\Local\Programs\MiKTeX\tex/latex/tabulary\tabulary.sty
Package: tabulary 2024/06/04 v0.11 tabulary package (DPC)
\TY@count=\count321
\TY@linewidth=\dimen195
\tymin=\dimen196
\tymax=\dimen197
\TY@tablewidth=\dimen198
) (C:\Users\GooDGuy\AppData\Local\Programs\MiKTeX\tex/latex/enumitem\enumitem.sty
Package: enumitem 2025/02/06 v3.11 Customized lists
\labelindent=\skip71
\enit@outerparindent=\dimen199
\enit@toks=\toks34
\enit@inbox=\box64
\enit@count@id=\count322
\enitdp@description=\count323
) (C:\Users\GooDGuy\AppData\Local\Programs\MiKTeX\tex/latex/pgf/frontendlayer\tikz.sty (C:\Users\GooDGuy\AppData\Local\Programs\MiKTeX\tex/latex/pgf/basiclayer\pgf.sty (C:\Users\GooDGuy\AppData\Local\Programs\MiKTeX\tex/latex/pgf/utilities\pgfrcs.sty (C:\Users\GooDGuy\AppData\Local\Programs\MiKTeX\tex/generic/pgf/utilities\pgfutil-common.tex
\pgfutil@everybye=\toks35
\pgfutil@tempdima=\dimen256
\pgfutil@tempdimb=\dimen257
) (C:\Users\GooDGuy\AppData\Local\Programs\MiKTeX\tex/generic/pgf/utilities\pgfutil-latex.def
\pgfutil@abb=\box65
) (C:\Users\GooDGuy\AppData\Local\Programs\MiKTeX\tex/generic/pgf/utilities\pgfrcs.code.tex (C:\Users\GooDGuy\AppData\Local\Programs\MiKTeX\tex/generic/pgf\pgf.revision.tex)
Package: pgfrcs 2025-08-29 v3.1.11a (3.1.11a)
))
Package: pgf 2025-08-29 v3.1.11a (3.1.11a)
 (C:\Users\GooDGuy\AppData\Local\Programs\MiKTeX\tex/latex/pgf/basiclayer\pgfcore.sty (C:\Users\GooDGuy\AppData\Local\Programs\MiKTeX\tex/latex/pgf/systemlayer\pgfsys.sty (C:\Users\GooDGuy\AppData\Local\Programs\MiKTeX\tex/generic/pgf/systemlayer\pgfsys.code.tex
Package: pgfsys 2025-08-29 v3.1.11a (3.1.11a)
 (C:\Users\GooDGuy\AppData\Local\Programs\MiKTeX\tex/generic/pgf/utilities\pgfkeys.code.tex
\pgfkeys@pathtoks=\toks36
\pgfkeys@temptoks=\toks37
 (C:\Users\GooDGuy\AppData\Local\Programs\MiKTeX\tex/generic/pgf/utilities\pgfkeyslibraryfiltered.code.tex
\pgfkeys@tmptoks=\toks38
))
\pgf@x=\dimen258
\pgf@y=\dimen259
\pgf@xa=\dimen260
\pgf@ya=\dimen261
\pgf@xb=\dimen262
\pgf@yb=\dimen263
\pgf@xc=\dimen264
\pgf@yc=\dimen265
\pgf@xd=\dimen266
\pgf@yd=\dimen267
\w@pgf@writea=\write3
\r@pgf@reada=\read2
\c@pgf@counta=\count324
\c@pgf@countb=\count325
\c@pgf@countc=\count326
\c@pgf@countd=\count327
\t@pgf@toka=\toks39
\t@pgf@tokb=\toks40
\t@pgf@tokc=\toks41
\pgf@sys@id@count=\count328
 (C:\Users\GooDGuy\AppData\Local\Programs\MiKTeX\tex/generic/pgf/systemlayer\pgf.cfg
File: pgf.cfg 2025-08-29 v3.1.11a (3.1.11a)
)
Driver file for pgf: pgfsys-xetex.def
 (C:\Users\GooDGuy\AppData\Local\Programs\MiKTeX\tex/generic/pgf/systemlayer\pgfsys-xetex.def
File: pgfsys-xetex.def 2025-08-29 v3.1.11a (3.1.11a)
 (C:\Users\GooDGuy\AppData\Local\Programs\MiKTeX\tex/generic/pgf/systemlayer\pgfsys-dvipdfmx.def
File: pgfsys-dvipdfmx.def 2025-08-29 v3.1.11a (3.1.11a)
 (C:\Users\GooDGuy\AppData\Local\Programs\MiKTeX\tex/generic/pgf/systemlayer\pgfsys-common-pdf.def
File: pgfsys-common-pdf.def 2025-08-29 v3.1.11a (3.1.11a)
)
\pgfsys@objnum=\count329
))) (C:\Users\GooDGuy\AppData\Local\Programs\MiKTeX\tex/generic/pgf/systemlayer\pgfsyssoftpath.code.tex
File: pgfsyssoftpath.code.tex 2025-08-29 v3.1.11a (3.1.11a)
\pgfsyssoftpath@smallbuffer@items=\count330
\pgfsyssoftpath@bigbuffer@items=\count331
) (C:\Users\GooDGuy\AppData\Local\Programs\MiKTeX\tex/generic/pgf/systemlayer\pgfsysprotocol.code.tex
File: pgfsysprotocol.code.tex 2025-08-29 v3.1.11a (3.1.11a)
)) (C:\Users\GooDGuy\AppData\Local\Programs\MiKTeX\tex/generic/pgf/basiclayer\pgfcore.code.tex
Package: pgfcore 2025-08-29 v3.1.11a (3.1.11a)
 (C:\Users\GooDGuy\AppData\Local\Programs\MiKTeX\tex/generic/pgf/math\pgfmath.code.tex (C:\Users\GooDGuy\AppData\Local\Programs\MiKTeX\tex/generic/pgf/math\pgfmathutil.code.tex) (C:\Users\GooDGuy\AppData\Local\Programs\MiKTeX\tex/generic/pgf/math\pgfmathparser.code.tex
\pgfmath@dimen=\dimen268
\pgfmath@count=\count332
\pgfmath@box=\box66
\pgfmath@toks=\toks42
\pgfmath@stack@operand=\toks43
\pgfmath@stack@operation=\toks44
) (C:\Users\GooDGuy\AppData\Local\Programs\MiKTeX\tex/generic/pgf/math\pgfmathfunctions.code.tex) (C:\Users\GooDGuy\AppData\Local\Programs\MiKTeX\tex/generic/pgf/math\pgfmathfunctions.basic.code.tex) (C:\Users\GooDGuy\AppData\Local\Programs\MiKTeX\tex/generic/pgf/math\pgfmathfunctions.trigonometric.code.tex) (C:\Users\GooDGuy\AppData\Local\Programs\MiKTeX\tex/generic/pgf/math\pgfmathfunctions.random.code.tex) (C:\Users\GooDGuy\AppData\Local\Programs\MiKTeX\tex/generic/pgf/math\pgfmathfunctions.comparison.code.tex) (C:\Users\GooDGuy\AppData\Local\Programs\MiKTeX\tex/generic/pgf/math\pgfmathfunctions.base.code.tex) (C:\Users\GooDGuy\AppData\Local\Programs\MiKTeX\tex/generic/pgf/math\pgfmathfunctions.round.code.tex) (C:\Users\GooDGuy\AppData\Local\Programs\MiKTeX\tex/generic/pgf/math\pgfmathfunctions.misc.code.tex) (C:\Users\GooDGuy\AppData\Local\Programs\MiKTeX\tex/generic/pgf/math\pgfmathfunctions.integerarithmetics.code.tex) (C:\Users\GooDGuy\AppData\Local\Programs\MiKTeX\tex/generic/pgf/math\pgfmathcalc.code.tex) (C:\Users\GooDGuy\AppData\Local\Programs\MiKTeX\tex/generic/pgf/math\pgfmathfloat.code.tex
\c@pgfmathroundto@lastzeros=\count333
)) (C:\Users\GooDGuy\AppData\Local\Programs\MiKTeX\tex/generic/pgf/math\pgfint.code.tex) (C:\Users\GooDGuy\AppData\Local\Programs\MiKTeX\tex/generic/pgf/basiclayer\pgfcorepoints.code.tex
File: pgfcorepoints.code.tex 2025-08-29 v3.1.11a (3.1.11a)
\pgf@picminx=\dimen269
\pgf@picmaxx=\dimen270
\pgf@picminy=\dimen271
\pgf@picmaxy=\dimen272
\pgf@pathminx=\dimen273
\pgf@pathmaxx=\dimen274
\pgf@pathminy=\dimen275
\pgf@pathmaxy=\dimen276
\pgf@xx=\dimen277
\pgf@xy=\dimen278
\pgf@yx=\dimen279
\pgf@yy=\dimen280
\pgf@zx=\dimen281
\pgf@zy=\dimen282
) (C:\Users\GooDGuy\AppData\Local\Programs\MiKTeX\tex/generic/pgf/basiclayer\pgfcorepathconstruct.code.tex
File: pgfcorepathconstruct.code.tex 2025-08-29 v3.1.11a (3.1.11a)
\pgf@path@lastx=\dimen283
\pgf@path@lasty=\dimen284
) (C:\Users\GooDGuy\AppData\Local\Programs\MiKTeX\tex/generic/pgf/basiclayer\pgfcorepathusage.code.tex
File: pgfcorepathusage.code.tex 2025-08-29 v3.1.11a (3.1.11a)
\pgf@shorten@end@additional=\dimen285
\pgf@shorten@start@additional=\dimen286
) (C:\Users\GooDGuy\AppData\Local\Programs\MiKTeX\tex/generic/pgf/basiclayer\pgfcorescopes.code.tex
File: pgfcorescopes.code.tex 2025-08-29 v3.1.11a (3.1.11a)
\pgfpic=\box67
\pgf@hbox=\box68
\pgf@layerbox@main=\box69
\pgf@picture@serial@count=\count334
) (C:\Users\GooDGuy\AppData\Local\Programs\MiKTeX\tex/generic/pgf/basiclayer\pgfcoregraphicstate.code.tex
File: pgfcoregraphicstate.code.tex 2025-08-29 v3.1.11a (3.1.11a)
\pgflinewidth=\dimen287
) (C:\Users\GooDGuy\AppData\Local\Programs\MiKTeX\tex/generic/pgf/basiclayer\pgfcoretransformations.code.tex
File: pgfcoretransformations.code.tex 2025-08-29 v3.1.11a (3.1.11a)
\pgf@pt@x=\dimen288
\pgf@pt@y=\dimen289
\pgf@pt@temp=\dimen290
) (C:\Users\GooDGuy\AppData\Local\Programs\MiKTeX\tex/generic/pgf/basiclayer\pgfcorequick.code.tex
File: pgfcorequick.code.tex 2025-08-29 v3.1.11a (3.1.11a)
) (C:\Users\GooDGuy\AppData\Local\Programs\MiKTeX\tex/generic/pgf/basiclayer\pgfcoreobjects.code.tex
File: pgfcoreobjects.code.tex 2025-08-29 v3.1.11a (3.1.11a)
) (C:\Users\GooDGuy\AppData\Local\Programs\MiKTeX\tex/generic/pgf/basiclayer\pgfcorepathprocessing.code.tex
File: pgfcorepathprocessing.code.tex 2025-08-29 v3.1.11a (3.1.11a)
) (C:\Users\GooDGuy\AppData\Local\Programs\MiKTeX\tex/generic/pgf/basiclayer\pgfcorearrows.code.tex
File: pgfcorearrows.code.tex 2025-08-29 v3.1.11a (3.1.11a)
\pgfarrowsep=\dimen291
) (C:\Users\GooDGuy\AppData\Local\Programs\MiKTeX\tex/generic/pgf/basiclayer\pgfcoreshade.code.tex
File: pgfcoreshade.code.tex 2025-08-29 v3.1.11a (3.1.11a)
\pgf@max=\dimen292
\pgf@sys@shading@range@num=\count335
\pgf@shadingcount=\count336
) (C:\Users\GooDGuy\AppData\Local\Programs\MiKTeX\tex/generic/pgf/basiclayer\pgfcoreimage.code.tex
File: pgfcoreimage.code.tex 2025-08-29 v3.1.11a (3.1.11a)
) (C:\Users\GooDGuy\AppData\Local\Programs\MiKTeX\tex/generic/pgf/basiclayer\pgfcoreexternal.code.tex
File: pgfcoreexternal.code.tex 2025-08-29 v3.1.11a (3.1.11a)
\pgfexternal@startupbox=\box70
) (C:\Users\GooDGuy\AppData\Local\Programs\MiKTeX\tex/generic/pgf/basiclayer\pgfcorelayers.code.tex
File: pgfcorelayers.code.tex 2025-08-29 v3.1.11a (3.1.11a)
) (C:\Users\GooDGuy\AppData\Local\Programs\MiKTeX\tex/generic/pgf/basiclayer\pgfcoretransparency.code.tex
File: pgfcoretransparency.code.tex 2025-08-29 v3.1.11a (3.1.11a)
) (C:\Users\GooDGuy\AppData\Local\Programs\MiKTeX\tex/generic/pgf/basiclayer\pgfcorepatterns.code.tex
File: pgfcorepatterns.code.tex 2025-08-29 v3.1.11a (3.1.11a)
) (C:\Users\GooDGuy\AppData\Local\Programs\MiKTeX\tex/generic/pgf/basiclayer\pgfcorerdf.code.tex
File: pgfcorerdf.code.tex 2025-08-29 v3.1.11a (3.1.11a)
))) (C:\Users\GooDGuy\AppData\Local\Programs\MiKTeX\tex/generic/pgf/modules\pgfmoduleshapes.code.tex
File: pgfmoduleshapes.code.tex 2025-08-29 v3.1.11a (3.1.11a)
\pgfnodeparttextbox=\box71
) (C:\Users\GooDGuy\AppData\Local\Programs\MiKTeX\tex/generic/pgf/modules\pgfmoduleplot.code.tex
File: pgfmoduleplot.code.tex 2025-08-29 v3.1.11a (3.1.11a)
) (C:\Users\GooDGuy\AppData\Local\Programs\MiKTeX\tex/latex/pgf/compatibility\pgfcomp-version-0-65.sty
Package: pgfcomp-version-0-65 2025-08-29 v3.1.11a (3.1.11a)
\pgf@nodesepstart=\dimen293
\pgf@nodesepend=\dimen294
) (C:\Users\GooDGuy\AppData\Local\Programs\MiKTeX\tex/latex/pgf/compatibility\pgfcomp-version-1-18.sty
Package: pgfcomp-version-1-18 2025-08-29 v3.1.11a (3.1.11a)
)) (C:\Users\GooDGuy\AppData\Local\Programs\MiKTeX\tex/latex/pgf/utilities\pgffor.sty (C:\Users\GooDGuy\AppData\Local\Programs\MiKTeX\tex/latex/pgf/utilities\pgfkeys.sty (C:\Users\GooDGuy\AppData\Local\Programs\MiKTeX\tex/generic/pgf/utilities\pgfkeys.code.tex)) (C:\Users\GooDGuy\AppData\Local\Programs\MiKTeX\tex/latex/pgf/math\pgfmath.sty (C:\Users\GooDGuy\AppData\Local\Programs\MiKTeX\tex/generic/pgf/math\pgfmath.code.tex)) (C:\Users\GooDGuy\AppData\Local\Programs\MiKTeX\tex/generic/pgf/utilities\pgffor.code.tex
Package: pgffor 2025-08-29 v3.1.11a (3.1.11a)
\pgffor@iter=\dimen295
\pgffor@skip=\dimen296
\pgffor@stack=\toks45
\pgffor@toks=\toks46
)) (C:\Users\GooDGuy\AppData\Local\Programs\MiKTeX\tex/generic/pgf/frontendlayer/tikz\tikz.code.tex
Package: tikz 2025-08-29 v3.1.11a (3.1.11a)
 (C:\Users\GooDGuy\AppData\Local\Programs\MiKTeX\tex/generic/pgf/libraries\pgflibraryplothandlers.code.tex
File: pgflibraryplothandlers.code.tex 2025-08-29 v3.1.11a (3.1.11a)
\pgf@plot@mark@count=\count337
\pgfplotmarksize=\dimen297
)
\tikz@lastx=\dimen298
\tikz@lasty=\dimen299
\tikz@lastxsaved=\dimen300
\tikz@lastysaved=\dimen301
\tikz@lastmovetox=\dimen302
\tikz@lastmovetoy=\dimen303
\tikzleveldistance=\dimen304
\tikzsiblingdistance=\dimen305
\tikz@figbox=\box72
\tikz@figbox@bg=\box73
\tikz@tempbox=\box74
\tikz@tempbox@bg=\box75
\tikztreelevel=\count338
\tikznumberofchildren=\count339
\tikznumberofcurrentchild=\count340
\tikz@fig@count=\count341
 (C:\Users\GooDGuy\AppData\Local\Programs\MiKTeX\tex/generic/pgf/modules\pgfmodulematrix.code.tex
File: pgfmodulematrix.code.tex 2025-08-29 v3.1.11a (3.1.11a)
\pgfmatrixcurrentrow=\count342
\pgfmatrixcurrentcolumn=\count343
\pgf@matrix@numberofcolumns=\count344
)
\tikz@expandcount=\count345
 (C:\Users\GooDGuy\AppData\Local\Programs\MiKTeX\tex/generic/pgf/frontendlayer/tikz/libraries\tikzlibrarytopaths.code.tex
File: tikzlibrarytopaths.code.tex 2025-08-29 v3.1.11a (3.1.11a)
))) (C:\Users\GooDGuy\AppData\Local\Programs\MiKTeX\tex/latex/float\float.sty
Package: float 2001/11/08 v1.3d Float enhancements (AL)
\c@float@type=\count346
\float@exts=\toks47
\float@box=\box76
\@float@everytoks=\toks48
\@floatcapt=\box77
) (C:\Users\GooDGuy\AppData\Local\Programs\MiKTeX\tex/latex/caption\subcaption.sty
Package: subcaption 2023/07/28 v1.6b Sub-captions (AR)
 (C:\Users\GooDGuy\AppData\Local\Programs\MiKTeX\tex/latex/caption\caption.sty
Package: caption 2023/08/05 v3.6o Customizing captions (AR)
 (C:\Users\GooDGuy\AppData\Local\Programs\MiKTeX\tex/latex/caption\caption3.sty
Package: caption3 2023/07/31 v2.4d caption3 kernel (AR)
\caption@tempdima=\dimen306
\captionmargin=\dimen307
\caption@leftmargin=\dimen308
\caption@rightmargin=\dimen309
\caption@width=\dimen310
\caption@indent=\dimen311
\caption@parindent=\dimen312
\caption@hangindent=\dimen313
Package caption Info: Standard document class detected.
)
\c@caption@flags=\count347
\c@continuedfloat=\count348
Package caption Info: float package is loaded.
Package caption Info: longtable package is loaded.
 (C:\Users\GooDGuy\AppData\Local\Programs\MiKTeX\tex/latex/caption\ltcaption.sty
Package: ltcaption 2021/01/08 v1.4c longtable captions (AR)
))
Package caption Info: New subtype `subfigure' on input line 238.
\c@subfigure=\count349
Package caption Info: New subtype `subtable' on input line 238.
\c@subtable=\count350
) (C:\Users\GooDGuy\AppData\Local\Programs\MiKTeX\tex/latex/lastpage\lastpage.sty
Package: lastpage 2025/08/14 v2.1h lastpage: 2.09 or 2e? (HMM)
 (C:\Users\GooDGuy\AppData\Local\Programs\MiKTeX\tex/latex/lastpage\lastpage2e.sty
Package: lastpage2e 2025/08/14 v2.1h Decide which 2e lastpage version to use (HMM)
 (C:\Users\GooDGuy\AppData\Local\Programs\MiKTeX\tex/latex/lastpage\lastpagemodern.sty
Package: lastpagemodern 2025-08-14 v2.1h Refers to last page's name (HMM; JPG)
\c@lastpagecount=\count351
) 
)) (C:\Users\GooDGuy\AppData\Local\Programs\MiKTeX\tex/latex/chngcntr\chngcntr.sty
Package: chngcntr 2018/04/09 v1.1a change counter resetting
Package chngcntr Info: \counterwithout already defined.
(chngcntr)             Quitting chngcntr on input line 21.
) (C:\Users\GooDGuy\AppData\Local\Programs\MiKTeX\tex/latex/lipsum\lipsum.sty (C:\Users\GooDGuy\AppData\Local\Programs\MiKTeX\tex/latex/l3packages/l3keys2e\l3keys2e.sty
Package: l3keys2e 2025-10-09 LaTeX2e option processing using LaTeX3 keys
)
Package: lipsum 2021-09-20 v2.7 150 paragraphs of Lorem Ipsum dummy text
\g__lipsum_par_int=\count352
\l__lipsum_a_int=\count353
\l__lipsum_b_int=\count354
 (C:\Users\GooDGuy\AppData\Local\Programs\MiKTeX\tex/latex/lipsum\lipsum.ltd.tex)) (C:\Users\GooDGuy\AppData\Local\Programs\MiKTeX\tex/latex/csquotes\csquotes.sty
Package: csquotes 2024-04-04 v5.2o context-sensitive quotations (JAW)
\csq@reset=\count355
\csq@gtype=\count356
\csq@glevel=\count357
\csq@qlevel=\count358
\csq@maxlvl=\count359
\csq@tshold=\count360
\csq@ltx@everypar=\toks49
 (C:\Users\GooDGuy\AppData\Local\Programs\MiKTeX\tex/latex/csquotes\csquotes.def
File: csquotes.def 2024-04-04 v5.2o csquotes generic definitions (JAW)
)
Package csquotes Info: Trying to load configuration file 'csquotes.cfg'...
Package csquotes Info: ... configuration file loaded successfully.
 (C:\Users\GooDGuy\AppData\Local\Programs\MiKTeX\tex/latex/csquotes\csquotes.cfg
File: csquotes.cfg 
)) (C:\Users\GooDGuy\AppData\Local\Programs\MiKTeX\tex/latex/pdfpages\pdfpages.sty
Package: pdfpages 2025/07/23 v0.6g Insert pages of external PDF documents (AM)
 (C:\Users\GooDGuy\AppData\Local\Programs\MiKTeX\tex/latex/base\ifthen.sty
Package: ifthen 2024/03/16 v1.1e Standard LaTeX ifthen package (DPC)
) (C:\Users\GooDGuy\AppData\Local\Programs\MiKTeX\tex/latex/eso-pic\eso-pic.sty
Package: eso-pic 2025/12/10 v3.0d eso-pic (RN)
\ESO@tempdima=\dimen314
\ESO@tempdimb=\dimen315
)
\AM@pagewidth=\dimen316
\AM@pageheight=\dimen317
\AM@fboxrule=\dimen318
 (C:\Users\GooDGuy\AppData\Local\Programs\MiKTeX\tex/latex/pdfpages\ppxetex.def
File: ppxetex.def 2025/07/23 v0.6g Pdfpages driver for XeTeX (AM)
)
\pdfpages@includegraphics@status=\count361
\AM@pagebox=\box78
\AM@global@opts=\toks50
\AM@pagecnt=\count362
\AM@toc@title=\toks51
\AM@lof@heading=\toks52
\c@AM@survey=\count363
\AM@templatesizebox=\box79
) (C:\Users\GooDGuy\AppData\Local\Programs\MiKTeX\tex/latex/fancyhdr\fancyhdr.sty
Package: fancyhdr 2025/02/07 v5.2 Extensive control of page headers and footers
\f@nch@headwidth=\skip72
\f@nch@offset@elh=\skip73
\f@nch@offset@erh=\skip74
\f@nch@offset@olh=\skip75
\f@nch@offset@orh=\skip76
\f@nch@offset@elf=\skip77
\f@nch@offset@erf=\skip78
\f@nch@offset@olf=\skip79
\f@nch@offset@orf=\skip80
\f@nch@height=\skip81
\f@nch@footalignment=\skip82
\f@nch@widthL=\skip83
\f@nch@widthC=\skip84
\f@nch@widthR=\skip85
\@temptokenb=\toks53
) (C:\Users\GooDGuy\AppData\Local\Programs\MiKTeX\tex/latex/tocloft\tocloft.sty
Package: tocloft 2017/08/31 v2.3i parameterised ToC, etc., typesetting
Package tocloft Info: The document has chapter divisions on input line 51.
\cftparskip=\skip86
\cftbeforetoctitleskip=\skip87
\cftaftertoctitleskip=\skip88
\cftbeforepartskip=\skip89
\cftpartnumwidth=\skip90
\cftpartindent=\skip91
\cftbeforechapskip=\skip92
\cftchapindent=\skip93
\cftchapnumwidth=\skip94
\cftbeforesecskip=\skip95
\cftsecindent=\skip96
\cftsecnumwidth=\skip97
\cftbeforesubsecskip=\skip98
\cftsubsecindent=\skip99
\cftsubsecnumwidth=\skip100
\cftbeforesubsubsecskip=\skip101
\cftsubsubsecindent=\skip102
\cftsubsubsecnumwidth=\skip103
\cftbeforeparaskip=\skip104
\cftparaindent=\skip105
\cftparanumwidth=\skip106
\cftbeforesubparaskip=\skip107
\cftsubparaindent=\skip108
\cftsubparanumwidth=\skip109
\cftbeforeloftitleskip=\skip110
\cftafterloftitleskip=\skip111
\cftbeforefigskip=\skip112
\cftfigindent=\skip113
\cftfignumwidth=\skip114
\c@lofdepth=\count364
\c@lotdepth=\count365
\cftbeforelottitleskip=\skip115
\cftafterlottitleskip=\skip116
\cftbeforetabskip=\skip117
\cfttabindent=\skip118
\cfttabnumwidth=\skip119
) (C:\Users\GooDGuy\AppData\Local\Programs\MiKTeX\tex/latex/tools\multicol.sty
Package: multicol 2025/10/21 v2.0b multicolumn formatting (FMi)
\c@tracingmulticols=\count366
\mult@box=\box80
\multicol@leftmargin=\dimen319
\c@unbalance=\count367
\c@collectmore=\count368
\doublecol@number=\count369
\multicoltolerance=\count370
\multicolpretolerance=\count371
\full@width=\dimen320
\page@free=\dimen321
\premulticols=\dimen322
\postmulticols=\dimen323
\multicolsep=\skip120
\multicolbaselineskip=\skip121
\partial@page=\box81
\last@line=\box82
\mc@boxedresult=\box83
\maxbalancingoverflow=\dimen324
\mult@rightbox=\box84
\mult@grightbox=\box85
\mult@firstbox=\box86
\mult@gfirstbox=\box87
\@tempa=\box88
\@tempa=\box89
\@tempa=\box90
\@tempa=\box91
\@tempa=\box92
\@tempa=\box93
\@tempa=\box94
\@tempa=\box95
\@tempa=\box96
\@tempa=\box97
\@tempa=\box98
\@tempa=\box99
\@tempa=\box100
\@tempa=\box101
\@tempa=\box102
\@tempa=\box103
\@tempa=\box104
\@tempa=\box105
\@tempa=\box106
\@tempa=\box107
\@tempa=\box108
\@tempa=\box109
\@tempa=\box110
\@tempa=\box111
\@tempa=\box112
\@tempa=\box113
\@tempa=\box114
\@tempa=\box115
\@tempa=\box116
\@tempa=\box117
\@tempa=\box118
\@tempa=\box119
\@tempa=\box120
\@tempa=\box121
\@tempa=\box122
\@tempa=\box123
\c@minrows=\count372
\c@columnbadness=\count373
\c@finalcolumnbadness=\count374
\last@try=\dimen325
\multicolovershoot=\dimen326
\multicolundershoot=\dimen327
\mult@nat@firstbox=\box124
\colbreak@box=\box125
\mc@col@check@num=\count375
\g__mc_curr_col_int=\count376
) (C:\Users\GooDGuy\AppData\Local\Programs\MiKTeX\tex/latex/wrapfig\wrapfig.sty
\wrapoverhang=\dimen328
\WF@size=\dimen329
\c@WF@wrappedlines=\count377
\WF@box=\box126
\WF@everypar=\toks54
Package: wrapfig 2003/01/31  v 3.6
) (C:\Users\GooDGuy\AppData\Local\Programs\MiKTeX\tex/latex/tools\verbatim.sty
Package: verbatim 2024-01-22 v1.5x LaTeX2e package for verbatim enhancements
\every@verbatim=\toks55
\verbatim@line=\toks56
\verbatim@in@stream=\read3
) (C:\Users\GooDGuy\AppData\Local\Programs\MiKTeX\tex/latex/tcolorbox\tcolorbox.sty
Package: tcolorbox 2025/11/28 version 6.9.0 text color boxes
 (C:\Users\GooDGuy\AppData\Local\Programs\MiKTeX\tex/latex/environ\environ.sty
Package: environ 2014/05/04 v0.3 A new way to define environments
 (C:\Users\GooDGuy\AppData\Local\Programs\MiKTeX\tex/latex/trimspaces\trimspaces.sty
Package: trimspaces 2009/09/17 v1.1 Trim spaces around a token list
))
\tcb@titlebox=\box127
\tcb@upperbox=\box128
\tcb@lowerbox=\box129
\tcb@phantombox=\box130
\c@tcbbreakpart=\count378
\c@tcblayer=\count379
\c@tcolorbox@number=\count380
\l__tcobox_tmpa_box=\box131
\l__tcobox_tmpa_dim=\dimen330
\tcb@temp=\box132
\tcb@temp=\box133
\tcb@temp=\box134
\tcb@temp=\box135
 (C:\Users\GooDGuy\AppData\Local\Programs\MiKTeX\tex/latex/tcolorbox\tcbraster.code.tex
Library (tcolorbox): 'tcbraster.code.tex' version '6.9.0'
\c@tcbrastercolumn=\count381
\c@tcbrasterrow=\count382
\c@tcbrasternum=\count383
\c@tcbraster=\count384
) (C:\Users\GooDGuy\AppData\Local\Programs\MiKTeX\tex/latex/tcolorbox\tcbskins.code.tex
Library (tcolorbox): 'tcbskins.code.tex' version '6.9.0'
(C:\Users\GooDGuy\AppData\Local\Programs\MiKTeX\tex/latex/tikzfill\tikzfill.image.sty
Package: tikzfill.image 2023/08/08 v1.0.1 Image filling library for TikZ
 (C:\Users\GooDGuy\AppData\Local\Programs\MiKTeX\tex/latex/tikzfill\tikzfill-common.sty
Package: tikzfill-common 2023/08/08 v1.0.1 Auxiliary code for tikzfill
) (C:\Users\GooDGuy\AppData\Local\Programs\MiKTeX\tex/latex/tikzfill\tikzlibraryfill.image.code.tex
File: tikzlibraryfill.image.code.tex 2023/08/08 v1.0.1 Image filling library
\l__tikzfill_img_box=\box136
)) (C:\Users\GooDGuy\AppData\Local\Programs\MiKTeX\tex/latex/tcolorbox\tcbskinsjigsaw.code.tex
Library (tcolorbox): 'tcbskinsjigsaw.code.tex' version '6.9.0'
)) (C:\Users\GooDGuy\AppData\Local\Programs\MiKTeX\tex/latex/tcolorbox\tcbbreakable.code.tex
Library (tcolorbox): 'tcbbreakable.code.tex' version '6.9.0'
(C:\Users\GooDGuy\AppData\Local\Programs\MiKTeX\tex/latex/pdfcol\pdfcol.sty
Package: pdfcol 2022-09-21 v1.7 Handle new color stacks for pdfTeX (HO)
 (C:\Users\GooDGuy\AppData\Local\Programs\MiKTeX\tex/generic/ltxcmds\ltxcmds.sty
Package: ltxcmds 2023-12-04 v1.26 LaTeX kernel commands for general use (HO)
) (C:\Users\GooDGuy\AppData\Local\Programs\MiKTeX\tex/generic/infwarerr\infwarerr.sty
Package: infwarerr 2019/12/03 v1.5 Providing info/warning/error messages (HO)
)
Package pdfcol Info: Interface disabled because of missing PDF mode of pdfTeX.
)
Package pdfcol Info: pdfTeX's color stacks are not available.
\tcb@testbox=\box137
\tcb@totalupperbox=\box138
\tcb@totallowerbox=\box139
) (C:\Users\GooDGuy\AppData\Local\Programs\MiKTeX\tex/latex/tcolorbox\tcbhooks.code.tex
Library (tcolorbox): 'tcbhooks.code.tex' version '6.9.0'
) (C:\Users\GooDGuy\AppData\Local\Programs\MiKTeX\tex/latex/tcolorbox\tcbtheorems.code.tex
Library (tcolorbox): 'tcbtheorems.code.tex' version '6.9.0'
) (C:\Users\GooDGuy\AppData\Local\Programs\MiKTeX\tex/latex/tcolorbox\tcbfitting.code.tex
Library (tcolorbox): 'tcbfitting.code.tex' version '6.9.0'
\tcbfitdim=\dimen331
\tcb@lowerfitdim=\dimen332
\tcb@upperfitdim=\dimen333
\tcb@cur@hbadness=\count385
) (C:\Users\GooDGuy\AppData\Local\Programs\MiKTeX\tex/latex/tcolorbox\tcblistingsutf8.code.tex
Library (tcolorbox): 'tcblistingsutf8.code.tex' version '6.9.0'
(C:\Users\GooDGuy\AppData\Local\Programs\MiKTeX\tex/latex/tcolorbox\tcblistings.code.tex
Library (tcolorbox): 'tcblistings.code.tex' version '6.9.0'
(C:\Users\GooDGuy\AppData\Local\Programs\MiKTeX\tex/latex/listings\listings.sty
\lst@mode=\count386
\lst@gtempboxa=\box140
\lst@token=\toks57
\lst@length=\count387
\lst@currlwidth=\dimen334
\lst@column=\count388
\lst@pos=\count389
\lst@lostspace=\dimen335
\lst@width=\dimen336
\lst@newlines=\count390
\lst@lineno=\count391
\lst@maxwidth=\dimen337
 (C:\Users\GooDGuy\AppData\Local\Programs\MiKTeX\tex/latex/listings\lstpatch.sty
File: lstpatch.sty 2025/11/14 1.11b (Carsten Heinz)
) (C:\Users\GooDGuy\AppData\Local\Programs\MiKTeX\tex/latex/listings\lstmisc.sty
File: lstmisc.sty 2025/11/14 1.11b (Carsten Heinz)
\c@lstnumber=\count392
\lst@skipnumbers=\count393
\lst@framebox=\box141
) (C:\Users\GooDGuy\AppData\Local\Programs\MiKTeX\tex/latex/listings\listings.cfg
File: listings.cfg 2025/11/14 1.11b listings configuration
))
Package: listings 2025/11/14 1.11b (Carsten Heinz)

==> First Aid for listings.sty no longer applied!
    Expected:
        2024/09/23 1.10c (Carsten Heinz)
    but found:
        2025/11/14 1.11b (Carsten Heinz)
    so I'm assuming it got fixed.
(C:\Users\GooDGuy\AppData\Local\Programs\MiKTeX\tex/latex/tcolorbox\tcblistingscore.code.tex
Library (tcolorbox): 'tcblistingscore.code.tex' version '6.9.0'
(C:\Users\GooDGuy\AppData\Local\Programs\MiKTeX\tex/latex/tcolorbox\tcbprocessing.code.tex
Library (tcolorbox): 'tcbprocessing.code.tex' version '6.9.0'
)
\c@tcblisting=\count394
))
Package tcolorbox Info: Library `listingsutf8' is compatible with pdftex only. Library `listings` is loaded instead. on input line 29.
) (C:\Users\GooDGuy\AppData\Local\Programs\MiKTeX\tex/latex/tcolorbox\tcbexternal.code.tex
Library (tcolorbox): 'tcbexternal.code.tex' version '6.9.0'
) (C:\Users\GooDGuy\AppData\Local\Programs\MiKTeX\tex/latex/tcolorbox\tcbmagazine.code.tex
Library (tcolorbox): 'tcbmagazine.code.tex' version '6.9.0'
) (C:\Users\GooDGuy\AppData\Local\Programs\MiKTeX\tex/latex/tcolorbox\tcbvignette.code.tex
Library (tcolorbox): 'tcbvignette.code.tex' version '6.9.0'
(C:\Users\GooDGuy\AppData\Local\Programs\MiKTeX\tex/generic/pgf/frontendlayer/tikz/libraries\tikzlibraryfadings.code.tex
File: tikzlibraryfadings.code.tex 2025-08-29 v3.1.11a (3.1.11a)
 (C:\Users\GooDGuy\AppData\Local\Programs\MiKTeX\tex/generic/pgf/libraries\pgflibraryfadings.code.tex
File: pgflibraryfadings.code.tex 2025-08-29 v3.1.11a (3.1.11a)
))) (C:\Users\GooDGuy\AppData\Local\Programs\MiKTeX\tex/latex/tcolorbox\tcbposter.code.tex
Library (tcolorbox): 'tcbposter.code.tex' version '6.9.0'
)) (C:\Users\GooDGuy\AppData\Local\Programs\MiKTeX\tex/latex/colortbl\colortbl.sty
Package: colortbl 2024/10/29 v1.0k Color table columns (DPC)
\everycr=\toks58
\minrowclearance=\skip122
\rownum=\count395
) (C:\Users\GooDGuy\AppData\Local\Programs\MiKTeX\tex/latex/tabu\tabu.sty
Package: tabu 2019/01/11 v2.9 - flexible LaTeX tabulars (FC+tabu-fixed)
 (C:\Users\GooDGuy\AppData\Local\Programs\MiKTeX\tex/latex/varwidth\varwidth.sty
Package: varwidth 2009/03/30 ver 0.92;  Variable-width minipages
\@vwid@box=\box142
\sift@deathcycles=\count396
\@vwid@loff=\dimen338
\@vwid@roff=\dimen339
)
==> First Aid for varwidth.sty applied!
\c@taburow=\count397
\tabu@nbcols=\count398
\tabu@cnt=\count399
\tabu@Xcol=\count400
\tabu@alloc=\count401
\tabu@nested=\count402
\tabu@target=\dimen340
\tabu@spreadtarget=\dimen341
\tabu@naturalX=\dimen342
\tabucolX=\dimen343
\tabu@Xsum=\dimen344
\extrarowdepth=\dimen345
\abovetabulinesep=\dimen346
\belowtabulinesep=\dimen347
\tabustrutrule=\dimen348
\tabu@thebody=\toks59
\tabu@footnotes=\toks60
\tabu@box=\box143
\tabu@arstrutbox=\box144
\tabu@hleads=\box145
\tabu@vleads=\box146
\tabu@cellskip=\skip123
) (C:\Users\GooDGuy\AppData\Local\Programs\MiKTeX\tex/latex/hyperref\hyperref.sty
Package: hyperref 2026-01-29 v7.01p Hypertext links for LaTeX
 (C:\Users\GooDGuy\AppData\Local\Programs\MiKTeX\tex/latex/kvsetkeys\kvsetkeys.sty
Package: kvsetkeys 2022-10-05 v1.19 Key value parser (HO)
) (C:\Users\GooDGuy\AppData\Local\Programs\MiKTeX\tex/generic/kvdefinekeys\kvdefinekeys.sty
Package: kvdefinekeys 2019-12-19 v1.6 Define keys (HO)
) (C:\Users\GooDGuy\AppData\Local\Programs\MiKTeX\tex/generic/pdfescape\pdfescape.sty
Package: pdfescape 2019/12/09 v1.15 Implements pdfTeX's escape features (HO)
 (C:\Users\GooDGuy\AppData\Local\Programs\MiKTeX\tex/generic/pdftexcmds\pdftexcmds.sty
Package: pdftexcmds 2020-06-27 v0.33 Utility functions of pdfTeX for LuaTeX (HO)
Package pdftexcmds Info: \pdf@primitive is available.
Package pdftexcmds Info: \pdf@ifprimitive is available.
Package pdftexcmds Info: \pdfdraftmode not found.
)) (C:\Users\GooDGuy\AppData\Local\Programs\MiKTeX\tex/latex/hycolor\hycolor.sty
Package: hycolor 2020-01-27 v1.10 Color options for hyperref/bookmark (HO)
) (C:\Users\GooDGuy\AppData\Local\Programs\MiKTeX\tex/latex/hyperref\nameref.sty
Package: nameref 2026-01-29 v2.58 Cross-referencing by name of section
 (C:\Users\GooDGuy\AppData\Local\Programs\MiKTeX\tex/latex/refcount\refcount.sty
Package: refcount 2019/12/15 v3.6 Data extraction from label references (HO)
) (C:\Users\GooDGuy\AppData\Local\Programs\MiKTeX\tex/generic/gettitlestring\gettitlestring.sty
Package: gettitlestring 2019/12/15 v1.6 Cleanup title references (HO)
 (C:\Users\GooDGuy\AppData\Local\Programs\MiKTeX\tex/latex/kvoptions\kvoptions.sty
Package: kvoptions 2022-06-15 v3.15 Key value format for package options (HO)
))
\c@section@level=\count403
) (C:\Users\GooDGuy\AppData\Local\Programs\MiKTeX\tex/generic/stringenc\stringenc.sty
Package: stringenc 2019/11/29 v1.12 Convert strings between diff. encodings (HO)
)
\@linkdim=\dimen349
\Hy@linkcounter=\count404
\Hy@pagecounter=\count405
 (C:\Users\GooDGuy\AppData\Local\Programs\MiKTeX\tex/latex/hyperref\pd1enc.def
File: pd1enc.def 2026-01-29 v7.01p Hyperref: PDFDocEncoding definition (HO)
) (C:\Users\GooDGuy\AppData\Local\Programs\MiKTeX\tex/generic/intcalc\intcalc.sty
Package: intcalc 2019/12/15 v1.3 Expandable calculations with integers (HO)
)
\Hy@SavedSpaceFactor=\count406
 (C:\Users\GooDGuy\AppData\Local\Programs\MiKTeX\tex/latex/hyperref\puenc.def
File: puenc.def 2026-01-29 v7.01p Hyperref: PDF Unicode definition (HO)
)
Package hyperref Info: Option `unicode' set `true' on input line 4072.
Package hyperref Info: Option `unicode' set `true' on input line 4072.
Package hyperref Info: Option `psdextra' set `true' on input line 4072.
 (C:\Users\GooDGuy\AppData\Local\Programs\MiKTeX\tex/latex/hyperref\psdextra.def
File: psdextra.def 2026-01-29 v7.01p Hyperref: Additions to PDF string support
)
Package hyperref Info: Option `bookmarks' set `true' on input line 4072.
Package hyperref Info: Option `bookmarksnumbered' set `true' on input line 4072.
Package hyperref Info: Option `bookmarksopen' set `true' on input line 4072.
Package hyperref Info: Option `breaklinks' set `true' on input line 4072.
Package hyperref Info: Option `colorlinks' set `true' on input line 4072.
Package hyperref Info: Hyper figures OFF on input line 4201.
Package hyperref Info: Link nesting OFF on input line 4206.
Package hyperref Info: Hyper index ON on input line 4209.
Package hyperref Info: Plain pages OFF on input line 4216.
Package hyperref Info: Backreferencing OFF on input line 4221.
Package hyperref Info: Implicit mode ON; LaTeX internals redefined.
Package hyperref Info: Bookmarks ON on input line 4468.
\c@Hy@tempcnt=\count407
 (C:\Users\GooDGuy\AppData\Local\Programs\MiKTeX\tex/latex/url\url.sty
\Urlmuskip=\muskip18
Package: url 2013/09/16  ver 3.4  Verb mode for urls, etc.
)
LaTeX Info: Redefining \url on input line 4807.
\XeTeXLinkMargin=\dimen350
 (C:\Users\GooDGuy\AppData\Local\Programs\MiKTeX\tex/generic/bitset\bitset.sty
Package: bitset 2019/12/09 v1.3 Handle bit-vector datatype (HO)
 (C:\Users\GooDGuy\AppData\Local\Programs\MiKTeX\tex/generic/bigintcalc\bigintcalc.sty
Package: bigintcalc 2019/12/15 v1.5 Expandable calculations on big integers (HO)
))
\Fld@menulength=\count408
\Field@Width=\dimen351
\Fld@charsize=\dimen352
Package hyperref Info: Hyper figures OFF on input line 6084.
Package hyperref Info: Link nesting OFF on input line 6089.
Package hyperref Info: Hyper index ON on input line 6092.
Package hyperref Info: backreferencing OFF on input line 6099.
Package hyperref Info: Link coloring ON on input line 6102.
Package hyperref Info: Link coloring with OCG OFF on input line 6109.
Package hyperref Info: PDF/A mode OFF on input line 6114.
\Hy@abspage=\count409
\c@Item=\count410
\c@Hfootnote=\count411
)
Package hyperref Info: Driver (autodetected): hxetex.
 (C:\Users\GooDGuy\AppData\Local\Programs\MiKTeX\tex/latex/hyperref\hxetex.def
File: hxetex.def 2026-01-29 v7.01p Hyperref driver for XeTeX
\pdfm@box=\box147
\c@Hy@AnnotLevel=\count412
\HyField@AnnotCount=\count413
\Fld@listcount=\count414
\c@bookmark@seq@number=\count415
 (C:\Users\GooDGuy\AppData\Local\Programs\MiKTeX\tex/latex/rerunfilecheck\rerunfilecheck.sty
Package: rerunfilecheck 2025-06-21 v1.11 Rerun checks for auxiliary files (HO)
 (C:\Users\GooDGuy\AppData\Local\Programs\MiKTeX\tex/generic/uniquecounter\uniquecounter.sty
Package: uniquecounter 2019/12/15 v1.4 Provide unlimited unique counter (HO)
)
Package uniquecounter Info: New unique counter `rerunfilecheck' on input line 284.
)
\Hy@SectionHShift=\skip124
) (C:\Users\GooDGuy\AppData\Local\Programs\MiKTeX\tex/latex/etoc\etoc.sty
Package: etoc 2023/10/29 v1.2d Completely customisable TOCs (JFB)
\Etoc@toctoks=\toks61
\c@etoc@tocid=\count416
\etoc@framed@titlebox=\box148
\etoc@framed@contentsbox=\box149
) (C:\Users\GooDGuy\AppData\Local\Programs\MiKTeX\tex/latex/bookmark\bookmark.sty
Package: bookmark 2023-12-10 v1.31 PDF bookmarks (HO)
 (C:\Users\GooDGuy\AppData\Local\Programs\MiKTeX\tex/latex/bookmark\bkm-dvipdfm.def
File: bkm-dvipdfm.def 2023-12-10 v1.31 bookmark driver for dvipdfm (HO)
\BKM@id=\count417
)) (C:\Users\GooDGuy\AppData\Local\Programs\MiKTeX\tex/latex/polyglossia\polyglossia.sty
Package: polyglossia 2025/12/01 v2.9 Modern multilingual typesetting with XeLaTeX and LuaLaTeX
\l_xpg_alias_keyvals_int=\count418
 (C:\Users\GooDGuy\AppData\Local\Programs\MiKTeX\tex/latex/polyglossia\gloss-latex.ldf
File: gloss-latex.ldf polyglossia: module for default language
)) (C:\Users\GooDGuy\AppData\Local\Programs\MiKTeX\tex/latex/polyglossia\gloss-english.ldf
File: gloss-english.ldf polyglossia: module for English
)

Package polyglossia Info: Default language is english

 (C:\Users\GooDGuy\AppData\Local\Programs\MiKTeX\tex/latex/polyglossia\gloss-khmer.ldf
File: gloss-khmer.ldf polyglossia: module for Khmer
)

Package fontspec Info: 
(fontspec)             Khmer OS scale = 0.8826852013406216.


Package fontspec Info: 
(fontspec)             Khmer OS scale = 0.8826852013406216.


Package fontspec Info: 
(fontspec)             Khmer OS scale = 0.8826852013406216.


Package fontspec Info: 
(fontspec)             Khmer OS scale = 0.8826852013406216.


Package fontspec Info: 
(fontspec)             Khmer OS scale = 0.8826852013406216.


Package fontspec Info: 
(fontspec)             Khmer OS scale = 0.8826852013406216.


Package fontspec Info: 
(fontspec)             Khmer OS scale = 0.8826852013406216.


Package fontspec Info: 
(fontspec)             Khmer OS scale = 0.8826852013406216.


Package fontspec Info: 
(fontspec)             Khmer OS scale = 0.8826852013406216.


Package fontspec Info: 
(fontspec)             Font family 'KhmerOS(0)' created for font 'Khmer OS'
(fontspec)             with options
(fontspec)             [Script=Khmer,Scale=MatchLowercase,UprightFont =
(fontspec)             *,BoldFont = *,BoldItalicFont = *,ItalicFont =
(fontspec)             *,SmallCapsFont = *,AutoFakeBold = 1.5,AutoFakeSlant =
(fontspec)             0.2].
(fontspec)              
(fontspec)              This font family consists of the following NFSS
(fontspec)             series/shapes:
(fontspec)              
(fontspec)             - 'normal' (m/n) with NFSS spec.:
(fontspec)             <->s*[0.8826852013406216]"Khmer
(fontspec)             OS/OT:script=khmr;language=dflt;"
(fontspec)             - 'small caps'  (m/sc) with NFSS spec.:
(fontspec)             <->s*[0.8826852013406216]"Khmer
(fontspec)             OS/OT:script=khmr;language=dflt;"
(fontspec)             - 'bold' (b/n) with NFSS spec.:
(fontspec)             <->s*[0.8826852013406216]"Khmer
(fontspec)             OS/OT:script=khmr;language=dflt;embolden=1.5;"
(fontspec)             - 'bold small caps'  (b/sc) with NFSS spec.:
(fontspec)             <->s*[0.8826852013406216]"Khmer
(fontspec)             OS/OT:script=khmr;language=dflt;embolden=1.5;"
(fontspec)             - 'italic' (m/it) with NFSS spec.:
(fontspec)             <->s*[0.8826852013406216]"Khmer
(fontspec)             OS/OT:script=khmr;language=dflt;slant=0.2;"
(fontspec)             - 'italic small caps'  (m/scit) with NFSS spec.:
(fontspec)             <->s*[0.8826852013406216]"Khmer
(fontspec)             OS/OT:script=khmr;language=dflt;slant=0.2;"
(fontspec)             - 'bold italic' (b/it) with NFSS spec.:
(fontspec)             <->s*[0.8826852013406216]"Khmer
(fontspec)             OS/OT:script=khmr;language=dflt;embolden=1.5;slant=0.2;"
(fontspec)             - 'bold italic small caps'  (b/scit) with NFSS spec.:
(fontspec)             <->s*[0.8826852013406216]"Khmer
(fontspec)             OS/OT:script=khmr;language=dflt;embolden=1.5;slant=0.2;"

\c@tcb@cnt@definition=\count419
\c@tcb@cnt@example=\count420
\c@tcb@cnt@remark=\count421
\c@tcb@cnt@note=\count422
\c@tcb@cnt@important=\count423
\c@tcb@cnt@formula=\count424
\c@tcb@cnt@assume=\count425
\c@tcb@cnt@tip=\count426
\c@tcb@cnt@general=\count427
\c@tcb@cnt@rules=\count428
\c@tcb@cnt@property=\count429
\c@tcb@cnt@solution=\count430
\c@tcb@cnt@theorem=\count431
\c@tcb@cnt@exercise=\count432
 (C:\Users\GooDGuy\AppData\Local\Programs\MiKTeX\tex/latex/minitoc\minitoc.sty
Package: minitoc 2018/07/12 v62 Package minitoc
 (C:\Users\GooDGuy\AppData\Local\Programs\MiKTeX\tex/latex/minitoc\mtcmess.sty
Package: mtcmess 2006/03/14
)
Package minitoc Info: I0001
(minitoc)             *** minitoc package, version 62 ***.
\tf@mtc=\write4
\mtcindent=\skip125
\mtcskipamount=\skip126
Package minitoc Info: I0005
(minitoc)             compatible with hyperref.
Package minitoc Info: I0023
(minitoc)             part level macros available.
Package minitoc Info: I0003
(minitoc)             chapter level macros available.
\mtc@toks=\toks62
\mtc@strutbox=\box150
\mtc@hstrutbox=\box151
Package minitoc Info: I0002
(minitoc)             Autoconfiguration of extensions.
\openout4 = `main-report01.mtc0'.

\openout4 = `main-report01.mtc'.

 (main-report01.mtc0)
Package minitoc Info: I0012
(minitoc)             Long extensions (Unix-like) will be used.
Package minitoc Info: I0031
(minitoc)             ==> this version is configured for UNIX-like 
(minitoc)                 (long extensions) file names.
\openout4 = `main-report01.mtc'.

\openout4 = `main-report01.mtc0'.

\c@mtc=\count433
\c@minitocdepth=\count434
\c@ptc=\count435
\c@parttocdepth=\count436
\ptcindent=\skip127
Package minitoc Info: I0010
(minitoc)             The english language is selected.
(minitoc)              on input line 4910.
 (C:\Users\GooDGuy\AppData\Local\Programs\MiKTeX\tex/latex/minitoc\english.mld
File: english.mld 2006/01/13
) (C:\Users\GooDGuy\AppData\Local\Programs\MiKTeX\tex/latex/minitoc\english.mld
File: english.mld 2006/01/13
))) (headerfooter-report01.tex)
Package csquotes Info: Checking for multilingual support...
Package csquotes Info: ... found 'polyglossia' package.
Package csquotes Info: Adjusting default style.
Package csquotes Info: Redefining alias 'default' -> 'american'.
 (main-report01.aux)
\openout1 = `main-report01.aux'.

LaTeX Font Info:    Checking defaults for OML/cmm/m/it on input line 14.
LaTeX Font Info:    ... okay on input line 14.
LaTeX Font Info:    Checking defaults for OMS/cmsy/m/n on input line 14.
LaTeX Font Info:    ... okay on input line 14.
LaTeX Font Info:    Checking defaults for OT1/cmr/m/n on input line 14.
LaTeX Font Info:    ... okay on input line 14.
LaTeX Font Info:    Checking defaults for T1/cmr/m/n on input line 14.
LaTeX Font Info:    ... okay on input line 14.
LaTeX Font Info:    Checking defaults for TS1/cmr/m/n on input line 14.
LaTeX Font Info:    ... okay on input line 14.
LaTeX Font Info:    Checking defaults for TU/lmr/m/n on input line 14.
LaTeX Font Info:    ... okay on input line 14.
LaTeX Font Info:    Checking defaults for OMX/cmex/m/n on input line 14.
LaTeX Font Info:    ... okay on input line 14.
LaTeX Font Info:    Checking defaults for U/cmr/m/n on input line 14.
LaTeX Font Info:    ... okay on input line 14.
LaTeX Font Info:    Checking defaults for PD1/pdf/m/n on input line 14.
LaTeX Font Info:    ... okay on input line 14.
LaTeX Font Info:    Checking defaults for PU/pdf/m/n on input line 14.
LaTeX Font Info:    ... okay on input line 14.

Package fontspec Info: 
(fontspec)             Adjusting the maths setup (use [no-math] to avoid
(fontspec)             this).

\symlegacymaths=\mathgroup6
LaTeX Font Info:    Overwriting symbol font `legacymaths' in version `bold'
(Font)                  OT1/cmr/m/n --> OT1/cmr/bx/n on input line 14.
LaTeX Font Info:    Redeclaring math accent \acute on input line 14.
LaTeX Font Info:    Redeclaring math accent \grave on input line 14.
LaTeX Font Info:    Redeclaring math accent \ddot on input line 14.
LaTeX Font Info:    Redeclaring math accent \tilde on input line 14.
LaTeX Font Info:    Redeclaring math accent \bar on input line 14.
LaTeX Font Info:    Redeclaring math accent \breve on input line 14.
LaTeX Font Info:    Redeclaring math accent \check on input line 14.
LaTeX Font Info:    Redeclaring math accent \hat on input line 14.
LaTeX Font Info:    Redeclaring math accent \dot on input line 14.
LaTeX Font Info:    Redeclaring math accent \mathring on input line 14.
LaTeX Font Info:    Redeclaring math symbol \Gamma on input line 14.
LaTeX Font Info:    Redeclaring math symbol \Delta on input line 14.
LaTeX Font Info:    Redeclaring math symbol \Theta on input line 14.
LaTeX Font Info:    Redeclaring math symbol \Lambda on input line 14.
LaTeX Font Info:    Redeclaring math symbol \Xi on input line 14.
LaTeX Font Info:    Redeclaring math symbol \Pi on input line 14.
LaTeX Font Info:    Redeclaring math symbol \Sigma on input line 14.
LaTeX Font Info:    Redeclaring math symbol \Upsilon on input line 14.
LaTeX Font Info:    Redeclaring math symbol \Phi on input line 14.
LaTeX Font Info:    Redeclaring math symbol \Psi on input line 14.
LaTeX Font Info:    Redeclaring math symbol \Omega on input line 14.
LaTeX Font Info:    Redeclaring math symbol \mathdollar on input line 14.
LaTeX Font Info:    Redeclaring symbol font `operators' on input line 14.
LaTeX Font Info:    Encoding `OT1' has changed to `TU' for symbol font
(Font)              `operators' in the math version `normal' on input line 14.
LaTeX Font Info:    Overwriting symbol font `operators' in version `normal'
(Font)                  OT1/cmr/m/n --> TU/lmr/m/n on input line 14.
LaTeX Font Info:    Encoding `OT1' has changed to `TU' for symbol font
(Font)              `operators' in the math version `bold' on input line 14.
LaTeX Font Info:    Overwriting symbol font `operators' in version `bold'
(Font)                  OT1/cmr/bx/n --> TU/lmr/m/n on input line 14.
LaTeX Font Info:    Overwriting symbol font `operators' in version `normal'
(Font)                  TU/lmr/m/n --> TU/lmr/m/n on input line 14.
LaTeX Font Info:    Overwriting math alphabet `\mathit' in version `normal'
(Font)                  OT1/cmr/m/it --> TU/lmr/m/it on input line 14.
LaTeX Font Info:    Overwriting math alphabet `\mathbf' in version `normal'
(Font)                  OT1/cmr/bx/n --> TU/lmr/b/n on input line 14.
LaTeX Font Info:    Overwriting math alphabet `\mathsf' in version `normal'
(Font)                  OT1/cmss/m/n --> TU/lmss/m/n on input line 14.
LaTeX Font Info:    Overwriting math alphabet `\mathtt' in version `normal'
(Font)                  OT1/cmtt/m/n --> TU/lmtt/m/n on input line 14.
LaTeX Font Info:    Overwriting symbol font `operators' in version `bold'
(Font)                  TU/lmr/m/n --> TU/lmr/b/n on input line 14.
LaTeX Font Info:    Overwriting math alphabet `\mathit' in version `bold'
(Font)                  OT1/cmr/bx/it --> TU/lmr/b/it on input line 14.
LaTeX Font Info:    Overwriting math alphabet `\mathsf' in version `bold'
(Font)                  OT1/cmss/bx/n --> TU/lmss/b/n on input line 14.
LaTeX Font Info:    Overwriting math alphabet `\mathtt' in version `bold'
(Font)                  OT1/cmtt/m/n --> TU/lmtt/b/n on input line 14.

*geometry* driver: auto-detecting
*geometry* detected driver: xetex
*geometry* verbose mode - [ preamble ] result:
* driver: xetex
* paper: a4paper
* layout: <same size as paper>
* layoutoffset:(h,v)=(0.0pt,0.0pt)
* modes: twoside 
* h-part:(L,W,R)=(113.81102pt, 412.56497pt, 71.13188pt)
* v-part:(T,H,B)=(71.13188pt, 702.78308pt, 71.13188pt)
* \paperwidth=597.50787pt
* \paperheight=845.04684pt
* \textwidth=412.56497pt
* \textheight=702.78308pt
* \oddsidemargin=41.54103pt
* \evensidemargin=-1.1381pt
* \topmargin=-51.1381pt
* \headheight=25.0pt
* \headsep=25.0pt
* \topskip=12.0pt
* \footskip=30.0pt
* \marginparwidth=85.0pt
* \marginparsep=10.0pt
* \columnsep=10.0pt
* \skip\footins=10.8pt plus 4.0pt minus 2.0pt
* \hoffset=0.0pt
* \voffset=0.0pt
* \mag=1000
* \@twocolumnfalse
* \@twosidetrue
* \@mparswitchtrue
* \@reversemarginfalse
* (1in=72.27pt=25.4mm, 1cm=28.453pt)

Package caption Info: Begin \AtBeginDocument code.
Package caption Info: hyperref package is loaded.
Package caption Info: listings package is loaded.
Package caption Info: wrapfig package is loaded.
Package caption Info: End \AtBeginDocument code.
(C:\Users\GooDGuy\AppData\Local\Programs\MiKTeX\tex/latex/pdflscape\pdflscape.sty
Package: pdflscape 2022-10-27 v0.13 Display of landscape pages in PDF
 (C:\Users\GooDGuy\AppData\Local\Programs\MiKTeX\tex/latex/pdflscape\pdflscape-nometadata.sty
Package: pdflscape-nometadata 2022-10-28 v0.13 Display of landscape pages in PDF (HO)
 (C:\Users\GooDGuy\AppData\Local\Programs\MiKTeX\tex/latex/graphics\lscape.sty
Package: lscape 2020/05/28 v3.02 Landscape Pages (DPC)
)
Package pdflscape Info: Auto-detected driver: dvipdfm (xetex) on input line 98.
))
\c@lstlisting=\count437
Package hyperref Info: Link coloring ON on input line 14.
\Etoc@tf=\read4
\c@minilofdepth=\count438
\c@minilotdepth=\count439
\c@partlofdepth=\count440
\c@partlotdepth=\count441
\c@sectlofdepth=\count442
\c@sectlotdepth=\count443
Package minitoc(hints) Info: I0049
(minitoc(hints))             ==> You requested the hints option. 
(minitoc(hints))             Some hints are eventually given below.
Package minitoc(hints) Info: I0047
(minitoc(hints))             --- The tocloft package is loaded. 
(minitoc(hints))             See the minitoc package documentation 
(minitoc(hints))             for specific precautions.


Package minitoc(hints) Warning: W0099
(minitoc(hints))                --- The titlesec package is loaded. 
(minitoc(hints))                It is incompatible 
(minitoc(hints))                with the minitoc package.

Package minitoc Info: I0024
(minitoc)             PREPARING MINITOCS FROM main-report01.toc on input line 14.
{\reset@font\mtcSfont\mtc@string\contentsline{section}{\noexpand \leavevmode \textbf {Abstract}}{\reset@font\mtcSfont 1}{section*.1}}
{\reset@font\mtcSfont\mtc@string\contentsline{section}{\noexpand \leavevmode \numberline {1}Tension Test (\textit {Essai de Traction})}{\reset@font\mtcSfont 2}{section.0.1}}
{\reset@font\mtcSSfont\mtc@string\contentsline{subsection}{\noexpand \leavevmode \numberline {1.1}Introduction}{\reset@font\mtcSSfont 2}{subsection.0.1.1}}
{\reset@font\mtcSSfont\mtc@string\contentsline{subsection}{\noexpand \leavevmode \numberline {1.2}Objective}{\reset@font\mtcSSfont 2}{subsection.0.1.2}}
{\reset@font\mtcSSfont\mtc@string\contentsline{subsection}{\noexpand \leavevmode \numberline {1.3}Calculations and Results}{\reset@font\mtcSSfont 2}{subsection.0.1.3}}
{\reset@font\mtcSSfont\mtc@string\contentsline{subsection}{\noexpand \leavevmode \numberline {1.4}Conclusion}{\reset@font\mtcSSfont 2}{subsection.0.1.4}}
{\reset@font\mtcSfont\mtc@string\contentsline{section}{\noexpand \leavevmode \numberline {2}Axial Compression Test (\textit {Essai de Compression Axiale})}{\reset@font\mtcSfont 3}{section.0.2}}
{\reset@font\mtcSSfont\mtc@string\contentsline{subsection}{\noexpand \leavevmode \numberline {2.1}Introduction}{\reset@font\mtcSSfont 3}{subsection.0.2.1}}
{\reset@font\mtcSSfont\mtc@string\contentsline{subsection}{\noexpand \leavevmode \numberline {2.2}Objective}{\reset@font\mtcSSfont 3}{subsection.0.2.2}}
{\reset@font\mtcSSfont\mtc@string\contentsline{subsection}{\noexpand \leavevmode \numberline {2.3}Calculations and Results}{\reset@font\mtcSSfont 3}{subsection.0.2.3}}
{\reset@font\mtcSSfont\mtc@string\contentsline{subsection}{\noexpand \leavevmode \numberline {2.4}Conclusion}{\reset@font\mtcSSfont 3}{subsection.0.2.4}}
{\reset@font\mtcSfont\mtc@string\contentsline{section}{\noexpand \leavevmode \numberline {3}Local Compression Test (\textit {Essai de Compression Locale})}{\reset@font\mtcSfont 4}{section.0.3}}
{\reset@font\mtcSSfont\mtc@string\contentsline{subsection}{\noexpand \leavevmode \numberline {3.1}Introduction}{\reset@font\mtcSSfont 4}{subsection.0.3.1}}
{\reset@font\mtcSSfont\mtc@string\contentsline{subsection}{\noexpand \leavevmode \numberline {3.2}Objective}{\reset@font\mtcSSfont 4}{subsection.0.3.2}}
{\reset@font\mtcSSfont\mtc@string\contentsline{subsection}{\noexpand \leavevmode \numberline {3.3}Calculations and Results}{\reset@font\mtcSSfont 4}{subsection.0.3.3}}
{\reset@font\mtcSSfont\mtc@string\contentsline{subsection}{\noexpand \leavevmode \numberline {3.4}Conclusion}{\reset@font\mtcSSfont 4}{subsection.0.3.4}}
{\reset@font\mtcSfont\mtc@string\contentsline{section}{\noexpand \leavevmode \numberline {4}Shear Test (\textit {Essai de Cisaillement})}{\reset@font\mtcSfont 5}{section.0.4}}
{\reset@font\mtcSSfont\mtc@string\contentsline{subsection}{\noexpand \leavevmode \numberline {4.1}Introduction}{\reset@font\mtcSSfont 5}{subsection.0.4.1}}
{\reset@font\mtcSSfont\mtc@string\contentsline{subsection}{\noexpand \leavevmode \numberline {4.2}Objective}{\reset@font\mtcSSfont 5}{subsection.0.4.2}}
{\reset@font\mtcSSfont\mtc@string\contentsline{subsection}{\noexpand \leavevmode \numberline {4.3}Calculations and Results}{\reset@font\mtcSSfont 5}{subsection.0.4.3}}
{\reset@font\mtcSSfont\mtc@string\contentsline{subsection}{\noexpand \leavevmode \numberline {4.4}Conclusion}{\reset@font\mtcSSfont 5}{subsection.0.4.4}}
{\reset@font\mtcSfont\mtc@string\contentsline{section}{\noexpand \leavevmode \numberline {5}Bending Test (\textit {Essai de Flexion})}{\reset@font\mtcSfont 6}{section.0.5}}
{\reset@font\mtcSSfont\mtc@string\contentsline{subsection}{\noexpand \leavevmode \numberline {5.1}Introduction}{\reset@font\mtcSSfont 6}{subsection.0.5.1}}
{\reset@font\mtcSSfont\mtc@string\contentsline{subsection}{\noexpand \leavevmode \numberline {5.2}Objective}{\reset@font\mtcSSfont 6}{subsection.0.5.2}}
{\reset@font\mtcSSfont\mtc@string\contentsline{subsection}{\noexpand \leavevmode \numberline {5.3}Calculations and Results}{\reset@font\mtcSSfont 6}{subsection.0.5.3}}
{\reset@font\mtcSSfont\mtc@string\contentsline{subsection}{\noexpand \leavevmode \numberline {5.4}Conclusion}{\reset@font\mtcSSfont 6}{subsection.0.5.4}}
{\reset@font\mtcSfont\mtc@string\contentsline{section}{\noexpand \leavevmode \textbf {General Conclusion}}{\reset@font\mtcSfont 7}{section*.2}}
{\reset@font\mtcSfont\mtc@string\contentsline{section}{\noexpand \leavevmode \textbf {References}}{\reset@font\mtcSfont 8}{section*.3}}
{\reset@font\mtcSfont\mtc@string\contentsline{section}{\noexpand \leavevmode \textbf {Appendices}}{\reset@font\mtcSfont 9}{section*.4}}
\tf@toc=\write5
\openout5 = `main-report01.toc'.

Package minitoc Info: I0007
(minitoc)             Horizontal rules are activated 
(minitoc)             for the parttocs on input line 14.
Package minitoc Info: I0007
(minitoc)             Horizontal rules are activated 
(minitoc)             for the partlofs on input line 14.
Package minitoc Info: I0007
(minitoc)             Horizontal rules are activated 
(minitoc)             for the partlots on input line 14.
Package minitoc Info: I0007
(minitoc)             Horizontal rules are activated 
(minitoc)             for the minitocs on input line 14.
Package minitoc Info: I0007
(minitoc)             Horizontal rules are activated 
(minitoc)             for the minilofs on input line 14.
Package minitoc Info: I0007
(minitoc)             Horizontal rules are activated 
(minitoc)             for the minilots on input line 14.
Package minitoc Info: I0007
(minitoc)             Horizontal rules are activated 
(minitoc)             for the secttocs on input line 14.
Package minitoc Info: I0007
(minitoc)             Horizontal rules are activated 
(minitoc)             for the sectlofs on input line 14.
Package minitoc Info: I0007
(minitoc)             Horizontal rules are activated 
(minitoc)             for the sectlots on input line 14.
(substructure-report01.tex (C:\Users\GooDGuy\AppData\Local\Programs\MiKTeX\tex/generic/stringenc\se-ascii-print.def
File: se-ascii-print.def 2019/11/29 v1.12 stringenc: Printable ASCII characters
) [1

] [2

]
*geometry* verbose mode - [ newgeometry ] result:
* driver: xetex
* paper: a4paper
* layout: <same size as paper>
* layoutoffset:(h,v)=(0.0pt,0.0pt)
* modes: twoside 
* h-part:(L,W,R)=(71.13188pt, 455.24411pt, 71.13188pt)
* v-part:(T,H,B)=(71.13188pt, 702.78308pt, 71.13188pt)
* \paperwidth=597.50787pt
* \paperheight=845.04684pt
* \textwidth=455.24411pt
* \textheight=702.78308pt
* \oddsidemargin=-1.1381pt
* \evensidemargin=-1.1381pt
* \topmargin=-51.1381pt
* \headheight=25.0pt
* \headsep=25.0pt
* \topskip=12.0pt
* \footskip=30.0pt
* \marginparwidth=85.0pt
* \marginparsep=10.0pt
* \columnsep=10.0pt
* \skip\footins=10.8pt plus 4.0pt minus 2.0pt
* \hoffset=0.0pt
* \voffset=0.0pt
* \mag=1000
* \@twocolumnfalse
* \@twosidetrue
* \@mparswitchtrue
* \@reversemarginfalse
* (1in=72.27pt=25.4mm, 1cm=28.453pt)

\tf@toc=\write6
\openout6 = `main-report01.toc'.

LaTeX Font Info:    Calculating math sizes for size <14> on input line 33.
LaTeX Font Info:    Trying to load font information for U+msa on input line 33.
 (C:\Users\GooDGuy\AppData\Local\Programs\MiKTeX\tex/latex/amsfonts\umsa.fd
File: umsa.fd 2013/01/14 v3.01 AMS symbols A
)
LaTeX Font Info:    Trying to load font information for U+msb on input line 33.
 (C:\Users\GooDGuy\AppData\Local\Programs\MiKTeX\tex/latex/amsfonts\umsb.fd
File: umsb.fd 2013/01/14 v3.01 AMS symbols B
) [1


] (main-report01.lof)
\tf@lof=\write7
\openout7 = `main-report01.lof'.

 [2

] (main-report01.lot)
\tf@lot=\write8
\openout8 = `main-report01.lot'.

 [3

]
*geometry* verbose mode - [ newgeometry ] result:
* driver: xetex
* paper: a4paper
* layout: <same size as paper>
* layoutoffset:(h,v)=(0.0pt,0.0pt)
* modes: twoside 
* h-part:(L,W,R)=(71.13188pt, 455.24411pt, 71.13188pt)
* v-part:(T,H,B)=(71.13188pt, 702.78308pt, 71.13188pt)
* \paperwidth=597.50787pt
* \paperheight=845.04684pt
* \textwidth=455.24411pt
* \textheight=702.78308pt
* \oddsidemargin=-1.1381pt
* \evensidemargin=-1.1381pt
* \topmargin=-51.1381pt
* \headheight=25.0pt
* \headsep=25.0pt
* \topskip=12.0pt
* \footskip=30.0pt
* \marginparwidth=85.0pt
* \marginparsep=10.0pt
* \columnsep=10.0pt
* \skip\footins=10.8pt plus 4.0pt minus 2.0pt
* \hoffset=0.0pt
* \voffset=0.0pt
* \mag=1000
* \@twocolumnfalse
* \@twosidetrue
* \@mparswitchtrue
* \@reversemarginfalse
* (1in=72.27pt=25.4mm, 1cm=28.453pt)

) (abstract.tex) [1




] (sample1/sample1.tex (sample1/introduction.tex) (sample1/objective.tex) (sample1/calculationandresult.tex) (sample1/conclusion.tex))

LaTeX Font Warning: Font shape `TU/lmr/m/scit' undefined
(Font)              using `TU/lmr/m/scsl' instead on input line 28.

[2

] (sample2/sample2.tex (sample1/introduction.tex) (sample1/objective.tex) (sample1/calculationandresult.tex) (sample1/conclusion.tex))

LaTeX Font Warning: Font shape `TU/lmr/m/scit' undefined
(Font)              using `TU/lmr/m/scsl' instead on input line 31.

[3

] (sample3/sample3.tex (sample1/introduction.tex) (sample1/objective.tex) (sample1/calculationandresult.tex) (sample1/conclusion.tex))

LaTeX Font Warning: Font shape `TU/lmr/m/scit' undefined
(Font)              using `TU/lmr/m/scsl' instead on input line 34.

[4

] (sample4/sample4.tex (sample1/introduction.tex) (sample1/objective.tex) (sample1/calculationandresult.tex) (sample1/conclusion.tex))

LaTeX Font Warning: Font shape `TU/lmr/m/scit' undefined
(Font)              using `TU/lmr/m/scsl' instead on input line 37.

[5

] (sample5/sample5.tex (sample1/introduction.tex) (sample1/objective.tex) (sample1/calculationandresult.tex) (sample1/conclusion.tex))

LaTeX Font Warning: Font shape `TU/lmr/m/scit' undefined
(Font)              using `TU/lmr/m/scsl' instead on input line 40.

[6

] [7

] [8

] (appendices.tex)
Package minitoc Info: I0009
(minitoc)             Listing minitoc auxiliary files. 
(minitoc)             Creating the main-report01.maf file.
\openout4 = `main-report01.maf'.



Package minitoc(hints) Warning: W0078
(minitoc(hints))                You have used \dominitoc, 
(minitoc(hints))                but not \minitoc.

Package minitoc(hints) Info: I0053
(minitoc(hints))             You have loaded the float package; 
(minitoc(hints))             please be aware that the minitoc package 
(minitoc(hints))             facilities can not be used for new types 
(minitoc(hints))             of floats defined by the float package.

Package minitoc(hints) Warning: W0024
(minitoc(hints))                Some hints have been written 
(minitoc(hints))                in the main-report01.log file.

[9

] 
enddocument/afterlastpage (AED): lastpage setting LastPage.
(main-report01.aux)
 ***********
LaTeX2e <2025-11-01>
L3 programming layer <2026-01-19>
 ***********
 ) 
Here is how much of TeX's memory you used:
 40622 strings out of 402982
 819588 string characters out of 5448060
 1459938 words of memory out of 5000000
 68690 multiletter control sequences out of 15000+600000
 631080 words of font info for 75 fonts, out of 8000000 for 9000
 1348 hyphenation exceptions out of 8191
 89i,11n,118p,595b,2049s stack positions out of 10000i,1000n,20000p,200000b,200000s

Output written on main-report01.xdv (14 pages, 99396 bytes).
